{"uid":"37ea79ac54ee8105","name":"test_valid_username_invalid_password","fullName":"tests.test_login#test_valid_username_invalid_password","historyId":"d724fff6fca63fba678eb34e3c853a2b","time":{"start":1737445341113,"stop":1737445357931,"duration":16818},"status":"broken","statusMessage":"selenium.common.exceptions.TimeoutException: Message: \nStacktrace:\n0   chromedriver                        0x000000010112e138 cxxbridge1$str$ptr + 3653888\n1   chromedriver                        0x0000000101126988 cxxbridge1$str$ptr + 3623248\n2   chromedriver                        0x0000000100b8c968 cxxbridge1$string$len + 89228\n3   chromedriver                        0x0000000100bd0d4c cxxbridge1$string$len + 368752\n4   chromedriver                        0x0000000100c0a4f0 cxxbridge1$string$len + 604180\n5   chromedriver                        0x0000000100bc5564 cxxbridge1$string$len + 321672\n6   chromedriver                        0x0000000100bc61b4 cxxbridge1$string$len + 324824\n7   chromedriver                        0x00000001010f8fc0 cxxbridge1$str$ptr + 3436424\n8   chromedriver                        0x00000001010fc2dc cxxbridge1$str$ptr + 3449508\n9   chromedriver                        0x00000001010dfe60 cxxbridge1$str$ptr + 3333672\n10  chromedriver                        0x00000001010fcb9c cxxbridge1$str$ptr + 3451748\n11  chromedriver                        0x00000001010d1678 cxxbridge1$str$ptr + 3274304\n12  chromedriver                        0x00000001011172b4 cxxbridge1$str$ptr + 3560060\n13  chromedriver                        0x0000000101117430 cxxbridge1$str$ptr + 3560440\n14  chromedriver                        0x00000001011265fc cxxbridge1$str$ptr + 3622340\n15  libsystem_pthread.dylib             0x00000001860042e4 _pthread_start + 136\n16  libsystem_pthread.dylib             0x0000000185fff0fc thread_start + 8","statusTrace":">   ???\n\n/Users/gauravmaan/Downloads/orangeHRM_FrameWork-main/tests/test_login.py:196: \n_ _ _ _ _ _ _ _ _ _ _ _ _ _ _ _ _ _ _ _ _ _ _ _ _ _ _ _ _ _ _ _ _ _ _ _ _ _ _ _ _ _ _ _ _ _ _ _ _ _ _ _ _ _ _ _ _ _ _ _ _ _ _ _ _ _ _ _ _ _ _ _ _ _\npages/login_page.py:29: in get_error_message\n    return WebDriverWait(self.driver, 10).until(\n_ _ _ _ _ _ _ _ _ _ _ _ _ _ _ _ _ _ _ _ _ _ _ _ _ _ _ _ _ _ _ _ _ _ _ _ _ _ _ _ _ _ _ _ _ _ _ _ _ _ _ _ _ _ _ _ _ _ _ _ _ _ _ _ _ _ _ _ _ _ _ _ _ _\n\nself = <selenium.webdriver.support.wait.WebDriverWait (session=\"b17b843133092e922c3c76da2980bfe0\")>\nmethod = <function presence_of_element_located.<locals>._predicate at 0x1074fb560>, message = ''\n\n    def until(self, method: Callable[[D], Union[Literal[False], T]], message: str = \"\") -> T:\n        \"\"\"Calls the method provided with the driver as an argument until the \\\n        return value does not evaluate to ``False``.\n    \n        :param method: callable(WebDriver)\n        :param message: optional message for :exc:`TimeoutException`\n        :returns: the result of the last call to `method`\n        :raises: :exc:`selenium.common.exceptions.TimeoutException` if timeout occurs\n        \"\"\"\n        screen = None\n        stacktrace = None\n    \n        end_time = time.monotonic() + self._timeout\n        while True:\n            try:\n                value = method(self._driver)\n                if value:\n                    return value\n            except self._ignored_exceptions as exc:\n                screen = getattr(exc, \"screen\", None)\n                stacktrace = getattr(exc, \"stacktrace\", None)\n            if time.monotonic() > end_time:\n                break\n            time.sleep(self._poll)\n>       raise TimeoutException(message, screen, stacktrace)\nE       selenium.common.exceptions.TimeoutException: Message: \nE       Stacktrace:\nE       0   chromedriver                        0x000000010112e138 cxxbridge1$str$ptr + 3653888\nE       1   chromedriver                        0x0000000101126988 cxxbridge1$str$ptr + 3623248\nE       2   chromedriver                        0x0000000100b8c968 cxxbridge1$string$len + 89228\nE       3   chromedriver                        0x0000000100bd0d4c cxxbridge1$string$len + 368752\nE       4   chromedriver                        0x0000000100c0a4f0 cxxbridge1$string$len + 604180\nE       5   chromedriver                        0x0000000100bc5564 cxxbridge1$string$len + 321672\nE       6   chromedriver                        0x0000000100bc61b4 cxxbridge1$string$len + 324824\nE       7   chromedriver                        0x00000001010f8fc0 cxxbridge1$str$ptr + 3436424\nE       8   chromedriver                        0x00000001010fc2dc cxxbridge1$str$ptr + 3449508\nE       9   chromedriver                        0x00000001010dfe60 cxxbridge1$str$ptr + 3333672\nE       10  chromedriver                        0x00000001010fcb9c cxxbridge1$str$ptr + 3451748\nE       11  chromedriver                        0x00000001010d1678 cxxbridge1$str$ptr + 3274304\nE       12  chromedriver                        0x00000001011172b4 cxxbridge1$str$ptr + 3560060\nE       13  chromedriver                        0x0000000101117430 cxxbridge1$str$ptr + 3560440\nE       14  chromedriver                        0x00000001011265fc cxxbridge1$str$ptr + 3622340\nE       15  libsystem_pthread.dylib             0x00000001860042e4 _pthread_start + 136\nE       16  libsystem_pthread.dylib             0x0000000185fff0fc thread_start + 8\n\n/Library/Frameworks/Python.framework/Versions/3.13/lib/python3.13/site-packages/selenium/webdriver/support/wait.py:105: TimeoutException","flaky":false,"newFailed":false,"newBroken":false,"newPassed":false,"retriesCount":0,"retriesStatusChange":false,"beforeStages":[],"testStage":{"status":"broken","statusMessage":"selenium.common.exceptions.TimeoutException: Message: \nStacktrace:\n0   chromedriver                        0x000000010112e138 cxxbridge1$str$ptr + 3653888\n1   chromedriver                        0x0000000101126988 cxxbridge1$str$ptr + 3623248\n2   chromedriver                        0x0000000100b8c968 cxxbridge1$string$len + 89228\n3   chromedriver                        0x0000000100bd0d4c cxxbridge1$string$len + 368752\n4   chromedriver                        0x0000000100c0a4f0 cxxbridge1$string$len + 604180\n5   chromedriver                        0x0000000100bc5564 cxxbridge1$string$len + 321672\n6   chromedriver                        0x0000000100bc61b4 cxxbridge1$string$len + 324824\n7   chromedriver                        0x00000001010f8fc0 cxxbridge1$str$ptr + 3436424\n8   chromedriver                        0x00000001010fc2dc cxxbridge1$str$ptr + 3449508\n9   chromedriver                        0x00000001010dfe60 cxxbridge1$str$ptr + 3333672\n10  chromedriver                        0x00000001010fcb9c cxxbridge1$str$ptr + 3451748\n11  chromedriver                        0x00000001010d1678 cxxbridge1$str$ptr + 3274304\n12  chromedriver                        0x00000001011172b4 cxxbridge1$str$ptr + 3560060\n13  chromedriver                        0x0000000101117430 cxxbridge1$str$ptr + 3560440\n14  chromedriver                        0x00000001011265fc cxxbridge1$str$ptr + 3622340\n15  libsystem_pthread.dylib             0x00000001860042e4 _pthread_start + 136\n16  libsystem_pthread.dylib             0x0000000185fff0fc thread_start + 8","statusTrace":">   ???\n\n/Users/gauravmaan/Downloads/orangeHRM_FrameWork-main/tests/test_login.py:196: \n_ _ _ _ _ _ _ _ _ _ _ _ _ _ _ _ _ _ _ _ _ _ _ _ _ _ _ _ _ _ _ _ _ _ _ _ _ _ _ _ _ _ _ _ _ _ _ _ _ _ _ _ _ _ _ _ _ _ _ _ _ _ _ _ _ _ _ _ _ _ _ _ _ _\npages/login_page.py:29: in get_error_message\n    return WebDriverWait(self.driver, 10).until(\n_ _ _ _ _ _ _ _ _ _ _ _ _ _ _ _ _ _ _ _ _ _ _ _ _ _ _ _ _ _ _ _ _ _ _ _ _ _ _ _ _ _ _ _ _ _ _ _ _ _ _ _ _ _ _ _ _ _ _ _ _ _ _ _ _ _ _ _ _ _ _ _ _ _\n\nself = <selenium.webdriver.support.wait.WebDriverWait (session=\"b17b843133092e922c3c76da2980bfe0\")>\nmethod = <function presence_of_element_located.<locals>._predicate at 0x1074fb560>, message = ''\n\n    def until(self, method: Callable[[D], Union[Literal[False], T]], message: str = \"\") -> T:\n        \"\"\"Calls the method provided with the driver as an argument until the \\\n        return value does not evaluate to ``False``.\n    \n        :param method: callable(WebDriver)\n        :param message: optional message for :exc:`TimeoutException`\n        :returns: the result of the last call to `method`\n        :raises: :exc:`selenium.common.exceptions.TimeoutException` if timeout occurs\n        \"\"\"\n        screen = None\n        stacktrace = None\n    \n        end_time = time.monotonic() + self._timeout\n        while True:\n            try:\n                value = method(self._driver)\n                if value:\n                    return value\n            except self._ignored_exceptions as exc:\n                screen = getattr(exc, \"screen\", None)\n                stacktrace = getattr(exc, \"stacktrace\", None)\n            if time.monotonic() > end_time:\n                break\n            time.sleep(self._poll)\n>       raise TimeoutException(message, screen, stacktrace)\nE       selenium.common.exceptions.TimeoutException: Message: \nE       Stacktrace:\nE       0   chromedriver                        0x000000010112e138 cxxbridge1$str$ptr + 3653888\nE       1   chromedriver                        0x0000000101126988 cxxbridge1$str$ptr + 3623248\nE       2   chromedriver                        0x0000000100b8c968 cxxbridge1$string$len + 89228\nE       3   chromedriver                        0x0000000100bd0d4c cxxbridge1$string$len + 368752\nE       4   chromedriver                        0x0000000100c0a4f0 cxxbridge1$string$len + 604180\nE       5   chromedriver                        0x0000000100bc5564 cxxbridge1$string$len + 321672\nE       6   chromedriver                        0x0000000100bc61b4 cxxbridge1$string$len + 324824\nE       7   chromedriver                        0x00000001010f8fc0 cxxbridge1$str$ptr + 3436424\nE       8   chromedriver                        0x00000001010fc2dc cxxbridge1$str$ptr + 3449508\nE       9   chromedriver                        0x00000001010dfe60 cxxbridge1$str$ptr + 3333672\nE       10  chromedriver                        0x00000001010fcb9c cxxbridge1$str$ptr + 3451748\nE       11  chromedriver                        0x00000001010d1678 cxxbridge1$str$ptr + 3274304\nE       12  chromedriver                        0x00000001011172b4 cxxbridge1$str$ptr + 3560060\nE       13  chromedriver                        0x0000000101117430 cxxbridge1$str$ptr + 3560440\nE       14  chromedriver                        0x00000001011265fc cxxbridge1$str$ptr + 3622340\nE       15  libsystem_pthread.dylib             0x00000001860042e4 _pthread_start + 136\nE       16  libsystem_pthread.dylib             0x0000000185fff0fc thread_start + 8\n\n/Library/Frameworks/Python.framework/Versions/3.13/lib/python3.13/site-packages/selenium/webdriver/support/wait.py:105: TimeoutException","steps":[],"attachments":[{"uid":"1d25db3d755652ff","name":"log","source":"1d25db3d755652ff.txt","type":"text/plain","size":94}],"parameters":[],"stepsCount":0,"hasContent":true,"shouldDisplayMessage":true,"attachmentsCount":1,"attachmentStep":false},"afterStages":[],"labels":[{"name":"tag","value":"login"},{"name":"parentSuite","value":"tests"},{"name":"suite","value":"test_login"},{"name":"host","value":"Gaurav-Maan.local"},{"name":"thread","value":"6193-MainThread"},{"name":"framework","value":"pytest"},{"name":"language","value":"cpython3"},{"name":"package","value":"tests.test_login"},{"name":"resultFormat","value":"allure2"}],"parameters":[],"links":[],"hidden":false,"retry":false,"extra":{"severity":"normal","retries":[],"categories":[{"name":"Test defects","matchedStatuses":[],"flaky":false}],"tags":["login"]},"source":"37ea79ac54ee8105.json","parameterValues":[]}