{"uid":"6dc85524877061b7","name":"test_login_with_max_length_inputs","fullName":"tests.test_login#test_login_with_max_length_inputs","historyId":"cf250cd74305cea98eb1815bab4f0b73","time":{"start":1737445312473,"stop":1737445328984,"duration":16511},"status":"broken","statusMessage":"selenium.common.exceptions.TimeoutException: Message: \nStacktrace:\n0   chromedriver                        0x0000000104b06138 cxxbridge1$str$ptr + 3653888\n1   chromedriver                        0x0000000104afe988 cxxbridge1$str$ptr + 3623248\n2   chromedriver                        0x0000000104564968 cxxbridge1$string$len + 89228\n3   chromedriver                        0x00000001045a8d4c cxxbridge1$string$len + 368752\n4   chromedriver                        0x00000001045e24f0 cxxbridge1$string$len + 604180\n5   chromedriver                        0x000000010459d564 cxxbridge1$string$len + 321672\n6   chromedriver                        0x000000010459e1b4 cxxbridge1$string$len + 324824\n7   chromedriver                        0x0000000104ad0fc0 cxxbridge1$str$ptr + 3436424\n8   chromedriver                        0x0000000104ad42dc cxxbridge1$str$ptr + 3449508\n9   chromedriver                        0x0000000104ab7e60 cxxbridge1$str$ptr + 3333672\n10  chromedriver                        0x0000000104ad4b9c cxxbridge1$str$ptr + 3451748\n11  chromedriver                        0x0000000104aa9678 cxxbridge1$str$ptr + 3274304\n12  chromedriver                        0x0000000104aef2b4 cxxbridge1$str$ptr + 3560060\n13  chromedriver                        0x0000000104aef430 cxxbridge1$str$ptr + 3560440\n14  chromedriver                        0x0000000104afe5fc cxxbridge1$str$ptr + 3622340\n15  libsystem_pthread.dylib             0x00000001860042e4 _pthread_start + 136\n16  libsystem_pthread.dylib             0x0000000185fff0fc thread_start + 8","statusTrace":">   ???\n\n/Users/gauravmaan/Downloads/orangeHRM_FrameWork-main/tests/test_login.py:147: \n_ _ _ _ _ _ _ _ _ _ _ _ _ _ _ _ _ _ _ _ _ _ _ _ _ _ _ _ _ _ _ _ _ _ _ _ _ _ _ _ _ _ _ _ _ _ _ _ _ _ _ _ _ _ _ _ _ _ _ _ _ _ _ _ _ _ _ _ _ _ _ _ _ _\npages/login_page.py:29: in get_error_message\n    return WebDriverWait(self.driver, 10).until(\n_ _ _ _ _ _ _ _ _ _ _ _ _ _ _ _ _ _ _ _ _ _ _ _ _ _ _ _ _ _ _ _ _ _ _ _ _ _ _ _ _ _ _ _ _ _ _ _ _ _ _ _ _ _ _ _ _ _ _ _ _ _ _ _ _ _ _ _ _ _ _ _ _ _\n\nself = <selenium.webdriver.support.wait.WebDriverWait (session=\"6e9c7c24afc87effea0c571236ea6fc1\")>\nmethod = <function presence_of_element_located.<locals>._predicate at 0x1074fa2a0>, message = ''\n\n    def until(self, method: Callable[[D], Union[Literal[False], T]], message: str = \"\") -> T:\n        \"\"\"Calls the method provided with the driver as an argument until the \\\n        return value does not evaluate to ``False``.\n    \n        :param method: callable(WebDriver)\n        :param message: optional message for :exc:`TimeoutException`\n        :returns: the result of the last call to `method`\n        :raises: :exc:`selenium.common.exceptions.TimeoutException` if timeout occurs\n        \"\"\"\n        screen = None\n        stacktrace = None\n    \n        end_time = time.monotonic() + self._timeout\n        while True:\n            try:\n                value = method(self._driver)\n                if value:\n                    return value\n            except self._ignored_exceptions as exc:\n                screen = getattr(exc, \"screen\", None)\n                stacktrace = getattr(exc, \"stacktrace\", None)\n            if time.monotonic() > end_time:\n                break\n            time.sleep(self._poll)\n>       raise TimeoutException(message, screen, stacktrace)\nE       selenium.common.exceptions.TimeoutException: Message: \nE       Stacktrace:\nE       0   chromedriver                        0x0000000104b06138 cxxbridge1$str$ptr + 3653888\nE       1   chromedriver                        0x0000000104afe988 cxxbridge1$str$ptr + 3623248\nE       2   chromedriver                        0x0000000104564968 cxxbridge1$string$len + 89228\nE       3   chromedriver                        0x00000001045a8d4c cxxbridge1$string$len + 368752\nE       4   chromedriver                        0x00000001045e24f0 cxxbridge1$string$len + 604180\nE       5   chromedriver                        0x000000010459d564 cxxbridge1$string$len + 321672\nE       6   chromedriver                        0x000000010459e1b4 cxxbridge1$string$len + 324824\nE       7   chromedriver                        0x0000000104ad0fc0 cxxbridge1$str$ptr + 3436424\nE       8   chromedriver                        0x0000000104ad42dc cxxbridge1$str$ptr + 3449508\nE       9   chromedriver                        0x0000000104ab7e60 cxxbridge1$str$ptr + 3333672\nE       10  chromedriver                        0x0000000104ad4b9c cxxbridge1$str$ptr + 3451748\nE       11  chromedriver                        0x0000000104aa9678 cxxbridge1$str$ptr + 3274304\nE       12  chromedriver                        0x0000000104aef2b4 cxxbridge1$str$ptr + 3560060\nE       13  chromedriver                        0x0000000104aef430 cxxbridge1$str$ptr + 3560440\nE       14  chromedriver                        0x0000000104afe5fc cxxbridge1$str$ptr + 3622340\nE       15  libsystem_pthread.dylib             0x00000001860042e4 _pthread_start + 136\nE       16  libsystem_pthread.dylib             0x0000000185fff0fc thread_start + 8\n\n/Library/Frameworks/Python.framework/Versions/3.13/lib/python3.13/site-packages/selenium/webdriver/support/wait.py:105: TimeoutException","flaky":false,"newFailed":false,"newBroken":false,"newPassed":false,"retriesCount":0,"retriesStatusChange":false,"beforeStages":[],"testStage":{"status":"broken","statusMessage":"selenium.common.exceptions.TimeoutException: Message: \nStacktrace:\n0   chromedriver                        0x0000000104b06138 cxxbridge1$str$ptr + 3653888\n1   chromedriver                        0x0000000104afe988 cxxbridge1$str$ptr + 3623248\n2   chromedriver                        0x0000000104564968 cxxbridge1$string$len + 89228\n3   chromedriver                        0x00000001045a8d4c cxxbridge1$string$len + 368752\n4   chromedriver                        0x00000001045e24f0 cxxbridge1$string$len + 604180\n5   chromedriver                        0x000000010459d564 cxxbridge1$string$len + 321672\n6   chromedriver                        0x000000010459e1b4 cxxbridge1$string$len + 324824\n7   chromedriver                        0x0000000104ad0fc0 cxxbridge1$str$ptr + 3436424\n8   chromedriver                        0x0000000104ad42dc cxxbridge1$str$ptr + 3449508\n9   chromedriver                        0x0000000104ab7e60 cxxbridge1$str$ptr + 3333672\n10  chromedriver                        0x0000000104ad4b9c cxxbridge1$str$ptr + 3451748\n11  chromedriver                        0x0000000104aa9678 cxxbridge1$str$ptr + 3274304\n12  chromedriver                        0x0000000104aef2b4 cxxbridge1$str$ptr + 3560060\n13  chromedriver                        0x0000000104aef430 cxxbridge1$str$ptr + 3560440\n14  chromedriver                        0x0000000104afe5fc cxxbridge1$str$ptr + 3622340\n15  libsystem_pthread.dylib             0x00000001860042e4 _pthread_start + 136\n16  libsystem_pthread.dylib             0x0000000185fff0fc thread_start + 8","statusTrace":">   ???\n\n/Users/gauravmaan/Downloads/orangeHRM_FrameWork-main/tests/test_login.py:147: \n_ _ _ _ _ _ _ _ _ _ _ _ _ _ _ _ _ _ _ _ _ _ _ _ _ _ _ _ _ _ _ _ _ _ _ _ _ _ _ _ _ _ _ _ _ _ _ _ _ _ _ _ _ _ _ _ _ _ _ _ _ _ _ _ _ _ _ _ _ _ _ _ _ _\npages/login_page.py:29: in get_error_message\n    return WebDriverWait(self.driver, 10).until(\n_ _ _ _ _ _ _ _ _ _ _ _ _ _ _ _ _ _ _ _ _ _ _ _ _ _ _ _ _ _ _ _ _ _ _ _ _ _ _ _ _ _ _ _ _ _ _ _ _ _ _ _ _ _ _ _ _ _ _ _ _ _ _ _ _ _ _ _ _ _ _ _ _ _\n\nself = <selenium.webdriver.support.wait.WebDriverWait (session=\"6e9c7c24afc87effea0c571236ea6fc1\")>\nmethod = <function presence_of_element_located.<locals>._predicate at 0x1074fa2a0>, message = ''\n\n    def until(self, method: Callable[[D], Union[Literal[False], T]], message: str = \"\") -> T:\n        \"\"\"Calls the method provided with the driver as an argument until the \\\n        return value does not evaluate to ``False``.\n    \n        :param method: callable(WebDriver)\n        :param message: optional message for :exc:`TimeoutException`\n        :returns: the result of the last call to `method`\n        :raises: :exc:`selenium.common.exceptions.TimeoutException` if timeout occurs\n        \"\"\"\n        screen = None\n        stacktrace = None\n    \n        end_time = time.monotonic() + self._timeout\n        while True:\n            try:\n                value = method(self._driver)\n                if value:\n                    return value\n            except self._ignored_exceptions as exc:\n                screen = getattr(exc, \"screen\", None)\n                stacktrace = getattr(exc, \"stacktrace\", None)\n            if time.monotonic() > end_time:\n                break\n            time.sleep(self._poll)\n>       raise TimeoutException(message, screen, stacktrace)\nE       selenium.common.exceptions.TimeoutException: Message: \nE       Stacktrace:\nE       0   chromedriver                        0x0000000104b06138 cxxbridge1$str$ptr + 3653888\nE       1   chromedriver                        0x0000000104afe988 cxxbridge1$str$ptr + 3623248\nE       2   chromedriver                        0x0000000104564968 cxxbridge1$string$len + 89228\nE       3   chromedriver                        0x00000001045a8d4c cxxbridge1$string$len + 368752\nE       4   chromedriver                        0x00000001045e24f0 cxxbridge1$string$len + 604180\nE       5   chromedriver                        0x000000010459d564 cxxbridge1$string$len + 321672\nE       6   chromedriver                        0x000000010459e1b4 cxxbridge1$string$len + 324824\nE       7   chromedriver                        0x0000000104ad0fc0 cxxbridge1$str$ptr + 3436424\nE       8   chromedriver                        0x0000000104ad42dc cxxbridge1$str$ptr + 3449508\nE       9   chromedriver                        0x0000000104ab7e60 cxxbridge1$str$ptr + 3333672\nE       10  chromedriver                        0x0000000104ad4b9c cxxbridge1$str$ptr + 3451748\nE       11  chromedriver                        0x0000000104aa9678 cxxbridge1$str$ptr + 3274304\nE       12  chromedriver                        0x0000000104aef2b4 cxxbridge1$str$ptr + 3560060\nE       13  chromedriver                        0x0000000104aef430 cxxbridge1$str$ptr + 3560440\nE       14  chromedriver                        0x0000000104afe5fc cxxbridge1$str$ptr + 3622340\nE       15  libsystem_pthread.dylib             0x00000001860042e4 _pthread_start + 136\nE       16  libsystem_pthread.dylib             0x0000000185fff0fc thread_start + 8\n\n/Library/Frameworks/Python.framework/Versions/3.13/lib/python3.13/site-packages/selenium/webdriver/support/wait.py:105: TimeoutException","steps":[],"attachments":[{"uid":"96b450e7e72b5c00","name":"log","source":"96b450e7e72b5c00.txt","type":"text/plain","size":89}],"parameters":[],"stepsCount":0,"hasContent":true,"shouldDisplayMessage":true,"attachmentsCount":1,"attachmentStep":false},"afterStages":[],"labels":[{"name":"tag","value":"login"},{"name":"parentSuite","value":"tests"},{"name":"suite","value":"test_login"},{"name":"host","value":"Gaurav-Maan.local"},{"name":"thread","value":"6193-MainThread"},{"name":"framework","value":"pytest"},{"name":"language","value":"cpython3"},{"name":"package","value":"tests.test_login"},{"name":"resultFormat","value":"allure2"}],"parameters":[],"links":[],"hidden":false,"retry":false,"extra":{"severity":"normal","retries":[],"categories":[{"name":"Test defects","matchedStatuses":[],"flaky":false}],"tags":["login"]},"source":"6dc85524877061b7.json","parameterValues":[]}